{"uuid":"14438d67-fad9-46be-bb44-0ad3fccb929a","historyId":"52730800047cddeefc833228e5f9c9bb","fullName":"Check Negative Scenario for Batch Module: Create a batch missing mandatory fields in request body","labels":[{"name":"host","value":"DESKTOP-VISVFD3"},{"name":"thread","value":"23500@DESKTOP-VISVFD3.main(1)"},{"name":"feature","value":"Check Negative Scenario for Batch Module"},{"name":"story","value":"Create a batch missing mandatory fields in request body"},{"name":"suite","value":"Check Negative Scenario for Batch Module"},{"name":"testClass","value":"Create a batch missing mandatory fields in request body"},{"name":"framework","value":"cucumber4jvm"},{"name":"language","value":"java"},{"name":"gherkin_uri","value":"file:///C:/Users/harii/api-creepers/API_CodeCreepers/./src/test/resources/Features/07ProgramBatch_Negative.feature"},{"name":"package","value":"src.test.resources.Features.07ProgramBatch_Negative_feature.Check Negative Scenario for Batch Module"}],"links":[],"name":"Create a batch missing mandatory fields in request body","status":"failed","statusDetails":{"known":false,"muted":false,"flaky":false,"message":"expected [400] but found [503]","trace":"java.lang.AssertionError: expected [400] but found [503]\r\n\tat org.testng.Assert.fail(Assert.java:111)\r\n\tat org.testng.Assert.failNotEquals(Assert.java:1578)\r\n\tat org.testng.Assert.assertEqualsImpl(Assert.java:150)\r\n\tat org.testng.Assert.assertEquals(Assert.java:132)\r\n\tat org.testng.Assert.assertEquals(Assert.java:1419)\r\n\tat org.testng.Assert.assertEquals(Assert.java:1383)\r\n\tat org.testng.Assert.assertEquals(Assert.java:1429)\r\n\tat api.Actions.Program_Batch_Negative_TestCases.verify_post_status_Missing_Fields(Program_Batch_Negative_TestCases.java:59)\r\n\tat api.Step_Definitions.Program_Batch_Negative_Steps.user_receives_bad_requests_status(Program_Batch_Negative_Steps.java:69)\r\n\tat ✽.User receives 400 Bad Requests status(file:///C:/Users/harii/api-creepers/API_CodeCreepers/./src/test/resources/Features/07ProgramBatch_Negative.feature:17)\r\n"},"stage":"finished","steps":[{"name":"Given  User create post request missing mandatory fields","status":"passed","statusDetails":{"known":false,"muted":false,"flaky":false},"stage":"finished","steps":[],"attachments":[],"parameters":[],"start":1690728369047,"stop":1690728369048},{"name":"When  User sends HTTPS request, request body from excel sheet \"ProgramBatch\" and 1 with missing mandatory field","status":"passed","statusDetails":{"known":false,"muted":false,"flaky":false},"stage":"finished","steps":[],"attachments":[],"parameters":[],"start":1690728369049,"stop":1690728369368},{"name":"Then  User receives 400 Bad Requests status","status":"failed","statusDetails":{"known":false,"muted":false,"flaky":false,"message":"expected [400] but found [503]","trace":"java.lang.AssertionError: expected [400] but found [503]\r\n\tat org.testng.Assert.fail(Assert.java:111)\r\n\tat org.testng.Assert.failNotEquals(Assert.java:1578)\r\n\tat org.testng.Assert.assertEqualsImpl(Assert.java:150)\r\n\tat org.testng.Assert.assertEquals(Assert.java:132)\r\n\tat org.testng.Assert.assertEquals(Assert.java:1419)\r\n\tat org.testng.Assert.assertEquals(Assert.java:1383)\r\n\tat org.testng.Assert.assertEquals(Assert.java:1429)\r\n\tat api.Actions.Program_Batch_Negative_TestCases.verify_post_status_Missing_Fields(Program_Batch_Negative_TestCases.java:59)\r\n\tat api.Step_Definitions.Program_Batch_Negative_Steps.user_receives_bad_requests_status(Program_Batch_Negative_Steps.java:69)\r\n\tat ✽.User receives 400 Bad Requests status(file:///C:/Users/harii/api-creepers/API_CodeCreepers/./src/test/resources/Features/07ProgramBatch_Negative.feature:17)\r\n"},"stage":"finished","steps":[],"attachments":[],"parameters":[],"start":1690728369368,"stop":1690728369370}],"attachments":[],"parameters":[{"name":"SheetName","value":"ProgramBatch"},{"name":"RowNumber","value":"1"}],"start":1690728369047,"stop":1690728369370}