{"uuid":"609ea599-3052-46a9-92ea-293291fbdf8c","historyId":"4f2938b241db3e71b14b5b2998e1ca13","fullName":"Program module Negative Scenarios: update a program with missed mandatory feilds","labels":[{"name":"host","value":"PrasannAnusha"},{"name":"thread","value":"16472@PrasannAnusha.main(1)"},{"name":"feature","value":"Program module Negative Scenarios"},{"name":"story","value":"update a program with missed mandatory feilds"},{"name":"suite","value":"Program module Negative Scenarios"},{"name":"testClass","value":"update a program with missed mandatory feilds"},{"name":"framework","value":"cucumber4jvm"},{"name":"language","value":"java"},{"name":"gherkin_uri","value":"file:///C:/Users/Prasanna/eclipse-workspace/Maven/API_Rest/API_CodeCreepers/./src/test/resources/Features/06Program_Negative.feature"},{"name":"package","value":"src.test.resources.Features.06Program_Negative_feature.Program module Negative Scenarios"}],"links":[],"name":"update a program with missed mandatory feilds","status":"failed","statusDetails":{"known":false,"muted":false,"flaky":false,"message":"expected [500] but found [404]","trace":"java.lang.AssertionError: expected [500] but found [404]\r\n\tat org.testng.Assert.fail(Assert.java:111)\r\n\tat org.testng.Assert.failNotEquals(Assert.java:1578)\r\n\tat org.testng.Assert.assertEqualsImpl(Assert.java:150)\r\n\tat org.testng.Assert.assertEquals(Assert.java:132)\r\n\tat org.testng.Assert.assertEquals(Assert.java:1419)\r\n\tat org.testng.Assert.assertEquals(Assert.java:1383)\r\n\tat org.testng.Assert.assertEquals(Assert.java:1429)\r\n\tat api.Actions.Program_TestCases.verify_update_request_by_program_name_status(Program_TestCases.java:162)\r\n\tat api.Step_Definitions.Program_Negative_Steps.the_user_submits_the_update_request_and_verifies_the_status_code(Program_Negative_Steps.java:79)\r\n\tat ✽.The user submits the update request and verifies the status 500(file:///C:/Users/Prasanna/eclipse-workspace/Maven/API_Rest/API_CodeCreepers/./src/test/resources/Features/06Program_Negative.feature:37)\r\n"},"stage":"finished","description":"    Given: The user create update request","steps":[{"name":"When  User sends HTTPS request with missing mandatory fields to update program by program id from the excel sheet \"ProgNeg\" and 7","status":"passed","statusDetails":{"known":false,"muted":false,"flaky":false},"stage":"finished","steps":[],"attachments":[],"parameters":[],"start":1690433727702,"stop":1690433730634},{"name":"Then  The user submits the update request and verifies the status 500","status":"failed","statusDetails":{"known":false,"muted":false,"flaky":false,"message":"expected [500] but found [404]","trace":"java.lang.AssertionError: expected [500] but found [404]\r\n\tat org.testng.Assert.fail(Assert.java:111)\r\n\tat org.testng.Assert.failNotEquals(Assert.java:1578)\r\n\tat org.testng.Assert.assertEqualsImpl(Assert.java:150)\r\n\tat org.testng.Assert.assertEquals(Assert.java:132)\r\n\tat org.testng.Assert.assertEquals(Assert.java:1419)\r\n\tat org.testng.Assert.assertEquals(Assert.java:1383)\r\n\tat org.testng.Assert.assertEquals(Assert.java:1429)\r\n\tat api.Actions.Program_TestCases.verify_update_request_by_program_name_status(Program_TestCases.java:162)\r\n\tat api.Step_Definitions.Program_Negative_Steps.the_user_submits_the_update_request_and_verifies_the_status_code(Program_Negative_Steps.java:79)\r\n\tat ✽.The user submits the update request and verifies the status 500(file:///C:/Users/Prasanna/eclipse-workspace/Maven/API_Rest/API_CodeCreepers/./src/test/resources/Features/06Program_Negative.feature:37)\r\n"},"stage":"finished","steps":[],"attachments":[],"parameters":[],"start":1690433730635,"stop":1690433730636}],"attachments":[],"parameters":[{"name":"SheetName","value":"ProgNeg"},{"name":"RowNumber","value":"7"}],"start":1690433727701,"stop":1690433730637}