{"uuid":"84bfa255-455a-40d1-bb3c-55028514f845","historyId":"f8ff3752c34b5be4fabd6476e4aee76f","fullName":"Program module Negative Scenarios: create a program with missing mandatory field in request body","labels":[{"name":"host","value":"DESKTOP-VISVFD3"},{"name":"thread","value":"23500@DESKTOP-VISVFD3.main(1)"},{"name":"feature","value":"Program module Negative Scenarios"},{"name":"story","value":"create a program with missing mandatory field in request body"},{"name":"suite","value":"Program module Negative Scenarios"},{"name":"testClass","value":"create a program with missing mandatory field in request body"},{"name":"framework","value":"cucumber4jvm"},{"name":"language","value":"java"},{"name":"gherkin_uri","value":"file:///C:/Users/harii/api-creepers/API_CodeCreepers/./src/test/resources/Features/06Program_Negative.feature"},{"name":"package","value":"src.test.resources.Features.06Program_Negative_feature.Program module Negative Scenarios"}],"links":[],"name":"create a program with missing mandatory field in request body","status":"failed","statusDetails":{"known":false,"muted":false,"flaky":false,"message":"expected [400] but found [503]","trace":"java.lang.AssertionError: expected [400] but found [503]\r\n\tat org.testng.Assert.fail(Assert.java:111)\r\n\tat org.testng.Assert.failNotEquals(Assert.java:1578)\r\n\tat org.testng.Assert.assertEqualsImpl(Assert.java:150)\r\n\tat org.testng.Assert.assertEquals(Assert.java:132)\r\n\tat org.testng.Assert.assertEquals(Assert.java:1419)\r\n\tat org.testng.Assert.assertEquals(Assert.java:1383)\r\n\tat org.testng.Assert.assertEquals(Assert.java:1429)\r\n\tat api.Actions.Program_TestCases.verify_post_status(Program_TestCases.java:54)\r\n\tat api.Step_Definitions.Program_Negative_Steps.the_user_submits_the_post_request_and_verifies_the_status_code(Program_Negative_Steps.java:38)\r\n\tat ✽.The user submits the post request and verifies the status 400(file:///C:/Users/harii/api-creepers/API_CodeCreepers/./src/test/resources/Features/06Program_Negative.feature:16)\r\n"},"stage":"finished","description":"    Given: The user create post request with missing mandatory field","steps":[{"name":"When  User sends HTTPS request,request body with missing mandatory fields from the excel sheet \"ProgNeg\" and 3","status":"passed","statusDetails":{"known":false,"muted":false,"flaky":false},"stage":"finished","steps":[],"attachments":[],"parameters":[],"start":1690728366515,"stop":1690728366895},{"name":"Then  The user submits the post request and verifies the status 400","status":"failed","statusDetails":{"known":false,"muted":false,"flaky":false,"message":"expected [400] but found [503]","trace":"java.lang.AssertionError: expected [400] but found [503]\r\n\tat org.testng.Assert.fail(Assert.java:111)\r\n\tat org.testng.Assert.failNotEquals(Assert.java:1578)\r\n\tat org.testng.Assert.assertEqualsImpl(Assert.java:150)\r\n\tat org.testng.Assert.assertEquals(Assert.java:132)\r\n\tat org.testng.Assert.assertEquals(Assert.java:1419)\r\n\tat org.testng.Assert.assertEquals(Assert.java:1383)\r\n\tat org.testng.Assert.assertEquals(Assert.java:1429)\r\n\tat api.Actions.Program_TestCases.verify_post_status(Program_TestCases.java:54)\r\n\tat api.Step_Definitions.Program_Negative_Steps.the_user_submits_the_post_request_and_verifies_the_status_code(Program_Negative_Steps.java:38)\r\n\tat ✽.The user submits the post request and verifies the status 400(file:///C:/Users/harii/api-creepers/API_CodeCreepers/./src/test/resources/Features/06Program_Negative.feature:16)\r\n"},"stage":"finished","steps":[],"attachments":[],"parameters":[],"start":1690728366895,"stop":1690728366896}],"attachments":[],"parameters":[{"name":"Sheetname","value":"ProgNeg"},{"name":"RowNumber","value":"3"}],"start":1690728366514,"stop":1690728366897}